<?xml version="1.0" encoding="UTF-8"?>
<!-- Generated by org.testng.reporters.JUnitReportReporter -->
<testsuite name="incubyte_Script.incubyte_Script.GmailCompose" tests="1" time="40.884" ignored="0" failures="0" timestamp="06 Mar 2021 10:00:59 GMT" skipped="0" hostname="LTIN202685" errors="0">
  <testcase name="driversetup" time="40.884" classname="incubyte_Script.incubyte_Script.GmailCompose"/>
</testsuite> <!-- incubyte_Script.incubyte_Script.GmailCompose -->
